<?xml version="1.0" encoding="UTF-8"?>
<testng-results ignored="0" total="1" passed="1" failed="0" skipped="0">
  <reporter-output>
  </reporter-output>
  <suite started-at="2023-01-22T00:33:07 IST" name="Suite" finished-at="2023-01-22T00:33:23 IST" duration-ms="15757">
    <groups>
    </groups>
    <test started-at="2023-01-22T00:33:07 IST" name="Test" finished-at="2023-01-22T00:33:23 IST" duration-ms="15757">
      <class name="OrangeHRMTestClass.TC01_VerifyLoginFunctionality">
        <test-method is-config="true" signature="setup()[pri:0, instance:OrangeHRMTestClass.TC01_VerifyLoginFunctionality@5b8dfcc1]" started-at="2023-01-22T00:33:07 IST" name="setup" finished-at="2023-01-22T00:33:21 IST" duration-ms="13819" status="PASS">
          <reporter-output>
          </reporter-output>
        </test-method> <!-- setup -->
        <test-method signature="verify_login_functionality()[pri:0, instance:OrangeHRMTestClass.TC01_VerifyLoginFunctionality@5b8dfcc1]" started-at="2023-01-22T00:33:21 IST" name="verify_login_functionality" finished-at="2023-01-22T00:33:22 IST" duration-ms="1624" status="PASS">
          <reporter-output>
          </reporter-output>
        </test-method> <!-- verify_login_functionality -->
        <test-method is-config="true" signature="tearDown()[pri:0, instance:OrangeHRMTestClass.TC01_VerifyLoginFunctionality@5b8dfcc1]" started-at="2023-01-22T00:33:22 IST" name="tearDown" finished-at="2023-01-22T00:33:23 IST" duration-ms="257" status="PASS">
          <reporter-output>
          </reporter-output>
        </test-method> <!-- tearDown -->
      </class> <!-- OrangeHRMTestClass.TC01_VerifyLoginFunctionality -->
    </test> <!-- Test -->
  </suite> <!-- Suite -->
</testng-results>
